<?xml version="1.0" encoding="UTF-8"?>
<robot generator="Robot 6.0.1 (Python 3.10.5 on win32)" generated="20230106 18:41:18.117" rpa="false" schemaversion="3">
<suite id="s1" name="Login" source="C:\Users\User\RobotFramework\Morise-AdminPanel-Backend-RobotAutomation\TestCases\login.robot">
<test id="s1-t1" name="TestMorise" line="7">
<kw name="Open Browser" library="SeleniumLibrary">
<arg>${url}</arg>
<arg>${browser}</arg>
<doc>Opens a new browser instance to the optional ``url``.</doc>
<msg timestamp="20230106 18:41:18.479" level="INFO">Opening browser 'chrome' to base url 'https://moriseholdingslimited.000webhostapp.com/admin/'.</msg>
<status status="PASS" starttime="20230106 18:41:18.478" endtime="20230106 18:41:39.879"/>
</kw>
<kw name="Maximize Browser Window" library="SeleniumLibrary">
<doc>Maximizes current browser window.</doc>
<status status="PASS" starttime="20230106 18:41:39.879" endtime="20230106 18:41:39.999"/>
</kw>
<kw name="Set Selenium Speed" library="SeleniumLibrary">
<arg>2seconds</arg>
<doc>Sets the delay that is waited after each Selenium command.</doc>
<status status="PASS" starttime="20230106 18:41:40.000" endtime="20230106 18:41:40.000"/>
</kw>
<kw name="MoriseKeywords">
<kw name="Set Variable" library="BuiltIn">
<var>${email_text_name}</var>
<arg>name:email</arg>
<doc>Returns the given values which can then be assigned to a variables.</doc>
<msg timestamp="20230106 18:41:40.002" level="INFO">${email_text_name} = name:email</msg>
<status status="PASS" starttime="20230106 18:41:40.002" endtime="20230106 18:41:40.002"/>
</kw>
<kw name="Set Variable" library="BuiltIn">
<var>${password_text_name}</var>
<arg>name:password</arg>
<doc>Returns the given values which can then be assigned to a variables.</doc>
<msg timestamp="20230106 18:41:40.003" level="INFO">${password_text_name} = name:password</msg>
<status status="PASS" starttime="20230106 18:41:40.003" endtime="20230106 18:41:40.003"/>
</kw>
<kw name="Set Variable" library="BuiltIn">
<var>${login_btn_name}</var>
<arg>name:form1</arg>
<doc>Returns the given values which can then be assigned to a variables.</doc>
<msg timestamp="20230106 18:41:40.006" level="INFO">${login_btn_name} = name:form1</msg>
<status status="PASS" starttime="20230106 18:41:40.003" endtime="20230106 18:41:40.007"/>
</kw>
<kw name="Input Text" library="SeleniumLibrary">
<arg>${email_text_name}</arg>
<arg>obekevicent@gmail.com</arg>
<doc>Types the given ``text`` into the text field identified by ``locator``.</doc>
<msg timestamp="20230106 18:41:40.011" level="INFO">Typing text 'obekevicent@gmail.com' into text field 'name:email'.</msg>
<status status="PASS" starttime="20230106 18:41:40.008" endtime="20230106 18:41:46.747"/>
</kw>
<kw name="Input Text" library="SeleniumLibrary">
<arg>${password_text_name}</arg>
<arg>1234</arg>
<doc>Types the given ``text`` into the text field identified by ``locator``.</doc>
<msg timestamp="20230106 18:41:46.747" level="INFO">Typing text '1234' into text field 'name:password'.</msg>
<status status="PASS" starttime="20230106 18:41:46.747" endtime="20230106 18:41:52.929"/>
</kw>
<kw name="Click Element" library="SeleniumLibrary">
<arg>${login_btn_name}</arg>
<doc>Click the element identified by ``locator``.</doc>
<msg timestamp="20230106 18:41:52.929" level="INFO">Clicking element 'name:form1'.</msg>
<status status="PASS" starttime="20230106 18:41:52.929" endtime="20230106 18:42:01.031"/>
</kw>
<status status="PASS" starttime="20230106 18:41:40.001" endtime="20230106 18:42:01.031"/>
</kw>
<kw name="Close Browser" library="SeleniumLibrary">
<doc>Closes the current browser.</doc>
<status status="PASS" starttime="20230106 18:42:01.031" endtime="20230106 18:42:05.790"/>
</kw>
<status status="PASS" starttime="20230106 18:41:18.477" endtime="20230106 18:42:05.791"/>
</test>
<status status="PASS" starttime="20230106 18:41:18.130" endtime="20230106 18:42:05.793"/>
</suite>
<statistics>
<total>
<stat pass="1" fail="0" skip="0">All Tests</stat>
</total>
<tag>
</tag>
<suite>
<stat pass="1" fail="0" skip="0" id="s1" name="Login">Login</stat>
</suite>
</statistics>
<errors>
</errors>
</robot>
