<?xml version="1.0" encoding="UTF-8"?>
<robot generator="Robot 6.0.1 (Python 3.10.5 on win32)" generated="20230106 18:23:36.254" rpa="false" schemaversion="3">
<suite id="s1" name="Login" source="C:\Users\User\RobotFramework\Morise-AdminPanel-Backend-RobotAutomation\TestCases\login.robot">
<test id="s1-t1" name="TestMorise" line="7">
<kw name="Open Browser" library="SeleniumLibrary">
<arg>${url}</arg>
<arg>${browser}</arg>
<doc>Opens a new browser instance to the optional ``url``.</doc>
<msg timestamp="20230106 18:23:36.567" level="INFO">Opening browser 'chrome' to base url 'https://moriseholdingslimited.000webhostapp.com/admin/'.</msg>
<status status="PASS" starttime="20230106 18:23:36.566" endtime="20230106 18:23:53.024"/>
</kw>
<kw name="Maximize Browser Window" library="SeleniumLibrary">
<doc>Maximizes current browser window.</doc>
<status status="PASS" starttime="20230106 18:23:53.025" endtime="20230106 18:23:53.147"/>
</kw>
<kw name="Set Selenium Speed" library="SeleniumLibrary">
<arg>2seconds</arg>
<doc>Sets the delay that is waited after each Selenium command.</doc>
<status status="PASS" starttime="20230106 18:23:53.147" endtime="20230106 18:23:53.148"/>
</kw>
<kw name="MoriseKeywords">
<kw name="Input Text" library="SeleniumLibrary">
<arg>name:email</arg>
<arg>obekevicent@gmail.com</arg>
<doc>Types the given ``text`` into the text field identified by ``locator``.</doc>
<msg timestamp="20230106 18:23:53.150" level="INFO">Typing text 'obekevicent@gmail.com' into text field 'name:email'.</msg>
<status status="PASS" starttime="20230106 18:23:53.149" endtime="20230106 18:24:00.309"/>
</kw>
<kw name="Input Text" library="SeleniumLibrary">
<arg>name:password</arg>
<arg>1234</arg>
<doc>Types the given ``text`` into the text field identified by ``locator``.</doc>
<msg timestamp="20230106 18:24:00.310" level="INFO">Typing text '1234' into text field 'name:password'.</msg>
<status status="PASS" starttime="20230106 18:24:00.309" endtime="20230106 18:24:06.487"/>
</kw>
<kw name="Click Element" library="SeleniumLibrary">
<arg>name:form1</arg>
<doc>Click the element identified by ``locator``.</doc>
<msg timestamp="20230106 18:24:06.487" level="INFO">Clicking element 'name:form1'.</msg>
<status status="PASS" starttime="20230106 18:24:06.487" endtime="20230106 18:24:21.592"/>
</kw>
<status status="PASS" starttime="20230106 18:23:53.149" endtime="20230106 18:24:21.592"/>
</kw>
<kw name="Close Browser" library="SeleniumLibrary">
<doc>Closes the current browser.</doc>
<status status="PASS" starttime="20230106 18:24:21.593" endtime="20230106 18:24:25.770"/>
</kw>
<status status="PASS" starttime="20230106 18:23:36.565" endtime="20230106 18:24:25.771"/>
</test>
<status status="PASS" starttime="20230106 18:23:36.257" endtime="20230106 18:24:25.773"/>
</suite>
<statistics>
<total>
<stat pass="1" fail="0" skip="0">All Tests</stat>
</total>
<tag>
</tag>
<suite>
<stat pass="1" fail="0" skip="0" id="s1" name="Login">Login</stat>
</suite>
</statistics>
<errors>
</errors>
</robot>
